[1026/102406.033:ERROR:directory_reader_win.cc(43)] FindFirstFile: The system cannot find the path specified. (0x3)
[1026/151207.179:ERROR:settings.cc(320)] Settings magic is not 1129342067
[1026/152207.289:ERROR:directory_reader_win.cc(43)] FindFirstFile: The system cannot find the path specified. (0x3)
[1026/190449.240:ERROR:directory_reader_win.cc(43)] FindFirstFile: The system cannot find the path specified. (0x3)
[1028/104357.383:ERROR:directory_reader_win.cc(43)] FindFirstFile: The system cannot find the path specified. (0x3)
[1029/185249.807:ERROR:directory_reader_win.cc(43)] FindFirstFile: The system cannot find the path specified. (0x3)
[1030/092532.233:ERROR:directory_reader_win.cc(43)] FindFirstFile: The system cannot find the path specified. (0x3)
[1030/184956.630:ERROR:settings.cc(320)] Settings magic is not 1129342067
[1030/185956.814:ERROR:directory_reader_win.cc(43)] FindFirstFile: The system cannot find the path specified. (0x3)
[1031/131351.417:ERROR:directory_reader_win.cc(43)] FindFirstFile: The system cannot find the path specified. (0x3)
[1102/103404.028:ERROR:directory_reader_win.cc(43)] FindFirstFile: The system cannot find the path specified. (0x3)
[1102/121313.396:ERROR:process_memory_win.cc(73)] ReadMemory at 0x2a3e50cf320 of 72 bytes failed: Only part of a ReadProcessMemory or WriteProcessMemory request was completed. (0x12B)
[1102/121313.680:WARNING:pe_image_annotations_reader.cc(135)] could not read annotations list object in C:\Program Files (x86)\Google\Chrome\Application\86.0.4240.111\chrome_elf.dll
[1102/121313.680:ERROR:process_memory_win.cc(73)] ReadMemory at 0x7ffec66c0000 of 64 bytes failed: Only part of a ReadProcessMemory or WriteProcessMemory request was completed. (0x12B)
[1102/121313.680:WARNING:pe_image_reader.cc(340)] could not read dos header from C:\Windows\SYSTEM32\VERSION.dll
[1102/121313.681:ERROR:process_memory_win.cc(73)] ReadMemory at 0x7ffed32f0000 of 64 bytes failed: Only part of a ReadProcessMemory or WriteProcessMemory request was completed. (0x12B)
[1102/121313.681:WARNING:pe_image_reader.cc(340)] could not read dos header from C:\Windows\System32\msvcrt.dll
[1102/121313.681:ERROR:process_memory_win.cc(73)] ReadMemory at 0x7ffed4030000 of 64 bytes failed: Only part of a ReadProcessMemory or WriteProcessMemory request was completed. (0x12B)
[1102/121313.681:WARNING:pe_image_reader.cc(340)] could not read dos header from C:\Windows\System32\ADVAPI32.dll
[1102/121313.682:ERROR:process_memory_win.cc(73)] ReadMemory at 0x7ffed37c0000 of 64 bytes failed: Only part of a ReadProcessMemory or WriteProcessMemory request was completed. (0x12B)
[1102/121313.682:WARNING:pe_image_reader.cc(340)] could not read dos header from C:\Windows\System32\sechost.dll
[1102/121313.682:ERROR:process_memory_win.cc(73)] ReadMemory at 0x7ffed2f30000 of 64 bytes failed: Only part of a ReadProcessMemory or WriteProcessMemory request was completed. (0x12B)
[1102/121313.682:WARNING:pe_image_reader.cc(340)] could not read dos header from C:\Windows\System32\RPCRT4.dll
[1102/121313.682:ERROR:process_memory_win.cc(73)] ReadMemory at 0x7ffe7f360000 of 64 bytes failed: Only part of a ReadProcessMemory or WriteProcessMemory request was completed. (0x12B)
[1102/121313.683:WARNING:pe_image_reader.cc(340)] could not read dos header from C:\Program Files (x86)\Google\Chrome\Application\86.0.4240.111\chrome.dll
[1102/121313.683:ERROR:process_memory_win.cc(73)] ReadMemory at 0x7ffed36f0000 of 64 bytes failed: Only part of a ReadProcessMemory or WriteProcessMemory request was completed. (0x12B)
[1102/121313.683:WARNING:pe_image_reader.cc(340)] could not read dos header from C:\Windows\System32\WS2_32.dll
[1102/121313.683:ERROR:process_memory_win.cc(73)] ReadMemory at 0x7ffed40e0000 of 64 bytes failed: Only part of a ReadProcessMemory or WriteProcessMemory request was completed. (0x12B)
[1102/121313.683:WARNING:pe_image_reader.cc(340)] could not read dos header from C:\Windows\System32\OLEAUT32.dll
[1102/121313.683:ERROR:process_memory_win.cc(73)] ReadMemory at 0x7ffed1ff0000 of 64 bytes failed: Only part of a ReadProcessMemory or WriteProcessMemory request was completed. (0x12B)
[1102/121313.711:WARNING:pe_image_reader.cc(340)] could not read dos header from C:\Windows\System32\msvcp_win.dll
[1102/121313.711:ERROR:process_memory_win.cc(73)] ReadMemory at 0x7ffed2090000 of 64 bytes failed: Only part of a ReadProcessMemory or WriteProcessMemory request was completed. (0x12B)
[1102/121313.711:WARNING:pe_image_reader.cc(340)] could not read dos header from C:\Windows\System32\ucrtbase.dll
[1102/121313.711:ERROR:process_memory_win.cc(73)] ReadMemory at 0x7ffed3390000 of 64 bytes failed: Only part of a ReadProcessMemory or WriteProcessMemory request was completed. (0x12B)
[1102/121313.711:WARNING:pe_image_reader.cc(340)] could not read dos header from C:\Windows\System32\combase.dll
[1102/121313.711:ERROR:process_memory_win.cc(73)] ReadMemory at 0x7ffed21c0000 of 64 bytes failed: Only part of a ReadProcessMemory or WriteProcessMemory request was completed. (0x12B)
[1102/121313.711:WARNING:pe_image_reader.cc(340)] could not read dos header from C:\Windows\System32\WINTRUST.dll
[1102/121313.711:ERROR:process_memory_win.cc(73)] ReadMemory at 0x7ffed2360000 of 64 bytes failed: Only part of a ReadProcessMemory or WriteProcessMemory request was completed. (0x12B)
[1102/121313.711:WARNING:pe_image_reader.cc(340)] could not read dos header from C:\Windows\System32\CRYPT32.dll
[1102/121313.711:ERROR:process_memory_win.cc(73)] ReadMemory at 0x7ffebf640000 of 64 bytes failed: Only part of a ReadProcessMemory or WriteProcessMemory request was completed. (0x12B)
[1102/121313.711:WARNING:pe_image_reader.cc(340)] could not read dos header from C:\Windows\SYSTEM32\dbghelp.dll
[1102/121313.711:ERROR:process_memory_win.cc(73)] ReadMemory at 0x7ffed0ff0000 of 64 bytes failed: Only part of a ReadProcessMemory or WriteProcessMemory request was completed. (0x12B)
[1102/121313.711:WARNING:pe_image_reader.cc(340)] could not read dos header from C:\Windows\SYSTEM32\IPHLPAPI.DLL
[1102/121313.711:ERROR:process_memory_win.cc(73)] ReadMemory at 0x7ffec3b40000 of 64 bytes failed: Only part of a ReadProcessMemory or WriteProcessMemory request was completed. (0x12B)
[1102/121313.711:WARNING:pe_image_reader.cc(340)] could not read dos header from C:\Windows\SYSTEM32\WINMM.dll
[1102/121313.712:ERROR:process_memory_win.cc(73)] ReadMemory at 0x7ffeb1150000 of 64 bytes failed: Only part of a ReadProcessMemory or WriteProcessMemory request was completed. (0x12B)
[1102/121313.712:WARNING:pe_image_reader.cc(340)] could not read dos header from C:\Windows\SYSTEM32\UIAutomationCore.DLL
[1102/121313.712:ERROR:process_memory_win.cc(73)] ReadMemory at 0x7ffec0120000 of 64 bytes failed: Only part of a ReadProcessMemory or WriteProcessMemory request was completed. (0x12B)
[1102/121313.712:WARNING:pe_image_reader.cc(340)] could not read dos header from C:\Windows\SYSTEM32\Secur32.dll
[1102/121313.712:ERROR:process_memory_win.cc(73)] ReadMemory at 0x7ffecfff0000 of 64 bytes failed: Only part of a ReadProcessMemory or WriteProcessMemory request was completed. (0x12B)
[1102/121313.712:WARNING:pe_image_reader.cc(340)] could not read dos header from C:\Windows\SYSTEM32\USERENV.dll
[1102/121313.712:ERROR:process_memory_win.cc(73)] ReadMemory at 0x7ffec0ec0000 of 64 bytes failed: Only part of a ReadProcessMemory or WriteProcessMemory request was completed. (0x12B)
[1102/121313.712:WARNING:pe_image_reader.cc(340)] could not read dos header from C:\Windows\SYSTEM32\DWrite.dll
[1102/121313.712:ERROR:process_memory_win.cc(73)] ReadMemory at 0x7ffeb2850000 of 64 bytes failed: Only part of a ReadProcessMemory or WriteProcessMemory request was completed. (0x12B)
[1102/121313.712:WARNING:pe_image_reader.cc(340)] could not read dos header from C:\Windows\SYSTEM32\WINSPOOL.DRV
[1102/121313.712:ERROR:process_memory_win.cc(73)] ReadMemory at 0x7ffecb150000 of 64 bytes failed: Only part of a ReadProcessMemory or WriteProcessMemory request was completed. (0x12B)
[1102/121313.712:WARNING:pe_image_reader.cc(340)] could not read dos header from C:\Windows\SYSTEM32\WINHTTP.dll
[1102/121313.712:ERROR:process_memory_win.cc(73)] ReadMemory at 0x7ffec7fb0000 of 64 bytes failed: Only part of a ReadProcessMemory or WriteProcessMemory request was completed. (0x12B)
[1102/121313.712:WARNING:pe_image_reader.cc(340)] could not read dos header from C:\Windows\SYSTEM32\dhcpcsvc.DLL
[1102/121313.712:ERROR:process_memory_win.cc(73)] ReadMemory at 0x7ffecd7c0000 of 64 bytes failed: Only part of a ReadProcessMemory or WriteProcessMemory request was completed. (0x12B)
[1102/121313.712:WARNING:pe_image_reader.cc(340)] could not read dos header from C:\Windows\SYSTEM32\PROPSYS.dll
[1102/121313.712:ERROR:process_memory_win.cc(73)] ReadMemory at 0x7ffecffb0000 of 64 bytes failed: Only part of a ReadProcessMemory or WriteProcessMemory request was completed. (0x12B)
[1102/121313.712:WARNING:pe_image_reader.cc(340)] could not read dos header from C:\Windows\SYSTEM32\SSPICLI.DLL
[1102/121313.712:ERROR:process_memory_win.cc(73)] ReadMemory at 0x7ffed18c0000 of 64 bytes failed: Only part of a ReadProcessMemory or WriteProcessMemory request was completed. (0x12B)
[1102/121313.712:WARNING:pe_image_reader.cc(340)] could not read dos header from C:\Windows\System32\MSASN1.dll
[1102/121313.713:ERROR:process_memory_win.cc(73)] ReadMemory at 0x7ffed1ba0000 of 64 bytes failed: Only part of a ReadProcessMemory or WriteProcessMemory request was completed. (0x12B)
[1102/121313.713:WARNING:pe_image_reader.cc(340)] could not read dos header from C:\Windows\System32\bcryptPrimitives.dll
[1102/121313.713:ERROR:process_memory_win.cc(73)] ReadMemory at 0x7ffed1460000 of 64 bytes failed: Only part of a ReadProcessMemory or WriteProcessMemory request was completed. (0x12B)
[1102/121313.713:WARNING:pe_image_reader.cc(340)] could not read dos header from C:\Windows\SYSTEM32\CRYPTBASE.DLL
[1102/121313.960:ERROR:process_memory_win.cc(73)] ReadMemory at 0x7ff697290000 of 64 bytes failed: Only part of a ReadProcessMemory or WriteProcessMemory request was completed. (0x12B)
[1102/121313.960:WARNING:pe_image_reader.cc(340)] could not read dos header from C:\Program Files (x86)\Google\Chrome\Application\chrome.exe
[1102/121313.960:ERROR:process_memory_win.cc(73)] ReadMemory at 0x7ffed4450000 of 64 bytes failed: Only part of a ReadProcessMemory or WriteProcessMemory request was completed. (0x12B)
[1102/121313.960:WARNING:pe_image_reader.cc(340)] could not read dos header from C:\Windows\SYSTEM32\ntdll.dll
[1102/121313.960:ERROR:process_memory_win.cc(73)] ReadMemory at 0x7ffed2bb0000 of 64 bytes failed: Only part of a ReadProcessMemory or WriteProcessMemory request was completed. (0x12B)
[1102/121313.960:WARNING:pe_image_reader.cc(340)] could not read dos header from C:\Windows\System32\KERNEL32.DLL
[1102/121313.960:ERROR:process_memory_win.cc(73)] ReadMemory at 0x7ffed1c70000 of 64 bytes failed: Only part of a ReadProcessMemory or WriteProcessMemory request was completed. (0x12B)
[1102/121313.960:WARNING:pe_image_reader.cc(340)] could not read dos header from C:\Windows\System32\KERNELBASE.dll
[1102/121313.960:ERROR:process_memory_win.cc(73)] ReadMemory at 0x7ffe8d110000 of 64 bytes failed: Only part of a ReadProcessMemory or WriteProcessMemory request was completed. (0x12B)
[1102/121313.960:WARNING:pe_image_reader.cc(340)] could not read dos header from C:\Program Files (x86)\Google\Chrome\Application\86.0.4240.111\chrome_elf.dll
[1102/121313.960:ERROR:process_memory_win.cc(73)] ReadMemory at 0x7ffec66c0000 of 64 bytes failed: Only part of a ReadProcessMemory or WriteProcessMemory request was completed. (0x12B)
[1102/121313.960:WARNING:pe_image_reader.cc(340)] could not read dos header from C:\Windows\SYSTEM32\VERSION.dll
[1102/121313.960:ERROR:process_memory_win.cc(73)] ReadMemory at 0x7ffed32f0000 of 64 bytes failed: Only part of a ReadProcessMemory or WriteProcessMemory request was completed. (0x12B)
[1102/121313.960:WARNING:pe_image_reader.cc(340)] could not read dos header from C:\Windows\System32\msvcrt.dll
[1102/121313.960:ERROR:process_memory_win.cc(73)] ReadMemory at 0x7ffed4030000 of 64 bytes failed: Only part of a ReadProcessMemory or WriteProcessMemory request was completed. (0x12B)
[1102/121313.960:WARNING:pe_image_reader.cc(340)] could not read dos header from C:\Windows\System32\ADVAPI32.dll
[1102/121313.960:ERROR:process_memory_win.cc(73)] ReadMemory at 0x7ffed37c0000 of 64 bytes failed: Only part of a ReadProcessMemory or WriteProcessMemory request was completed. (0x12B)
[1102/121313.961:WARNING:pe_image_reader.cc(340)] could not read dos header from C:\Windows\System32\sechost.dll
[1102/121313.961:ERROR:process_memory_win.cc(73)] ReadMemory at 0x7ffed2f30000 of 64 bytes failed: Only part of a ReadProcessMemory or WriteProcessMemory request was completed. (0x12B)
[1102/121313.961:WARNING:pe_image_reader.cc(340)] could not read dos header from C:\Windows\System32\RPCRT4.dll
[1102/121313.961:ERROR:process_memory_win.cc(73)] ReadMemory at 0x7ffe7f360000 of 64 bytes failed: Only part of a ReadProcessMemory or WriteProcessMemory request was completed. (0x12B)
[1102/121313.961:WARNING:pe_image_reader.cc(340)] could not read dos header from C:\Program Files (x86)\Google\Chrome\Application\86.0.4240.111\chrome.dll
[1102/121313.961:ERROR:process_memory_win.cc(73)] ReadMemory at 0x7ffed36f0000 of 64 bytes failed: Only part of a ReadProcessMemory or WriteProcessMemory request was completed. (0x12B)
[1102/121313.961:WARNING:pe_image_reader.cc(340)] could not read dos header from C:\Windows\System32\WS2_32.dll
[1102/121313.961:ERROR:process_memory_win.cc(73)] ReadMemory at 0x7ffed40e0000 of 64 bytes failed: Only part of a ReadProcessMemory or WriteProcessMemory request was completed. (0x12B)
[1102/121313.961:WARNING:pe_image_reader.cc(340)] could not read dos header from C:\Windows\System32\OLEAUT32.dll
[1102/121313.961:ERROR:process_memory_win.cc(73)] ReadMemory at 0x7ffed1ff0000 of 64 bytes failed: Only part of a ReadProcessMemory or WriteProcessMemory request was completed. (0x12B)
[1102/121313.961:WARNING:pe_image_reader.cc(340)] could not read dos header from C:\Windows\System32\msvcp_win.dll
[1102/121313.961:ERROR:process_memory_win.cc(73)] ReadMemory at 0x7ffed2090000 of 64 bytes failed: Only part of a ReadProcessMemory or WriteProcessMemory request was completed. (0x12B)
[1102/121313.961:WARNING:pe_image_reader.cc(340)] could not read dos header from C:\Windows\System32\ucrtbase.dll
[1102/121313.961:ERROR:process_memory_win.cc(73)] ReadMemory at 0x7ffed3390000 of 64 bytes failed: Only part of a ReadProcessMemory or WriteProcessMemory request was completed. (0x12B)
[1102/121313.961:WARNING:pe_image_reader.cc(340)] could not read dos header from C:\Windows\System32\combase.dll
[1102/121313.961:ERROR:process_memory_win.cc(73)] ReadMemory at 0x7ffed21c0000 of 64 bytes failed: Only part of a ReadProcessMemory or WriteProcessMemory request was completed. (0x12B)
[1102/121313.961:WARNING:pe_image_reader.cc(340)] could not read dos header from C:\Windows\System32\WINTRUST.dll
[1102/121313.961:ERROR:process_memory_win.cc(73)] ReadMemory at 0x7ffed2360000 of 64 bytes failed: Only part of a ReadProcessMemory or WriteProcessMemory request was completed. (0x12B)
[1102/121313.961:WARNING:pe_image_reader.cc(340)] could not read dos header from C:\Windows\System32\CRYPT32.dll
[1102/121313.961:ERROR:process_memory_win.cc(73)] ReadMemory at 0x7ffebf640000 of 64 bytes failed: Only part of a ReadProcessMemory or WriteProcessMemory request was completed. (0x12B)
[1102/121313.961:WARNING:pe_image_reader.cc(340)] could not read dos header from C:\Windows\SYSTEM32\dbghelp.dll
[1102/121313.961:ERROR:process_memory_win.cc(73)] ReadMemory at 0x7ffed0ff0000 of 64 bytes failed: Only part of a ReadProcessMemory or WriteProcessMemory request was completed. (0x12B)
[1102/121313.961:WARNING:pe_image_reader.cc(340)] could not read dos header from C:\Windows\SYSTEM32\IPHLPAPI.DLL
[1102/121313.961:ERROR:process_memory_win.cc(73)] ReadMemory at 0x7ffec3b40000 of 64 bytes failed: Only part of a ReadProcessMemory or WriteProcessMemory request was completed. (0x12B)
[1102/121313.961:WARNING:pe_image_reader.cc(340)] could not read dos header from C:\Windows\SYSTEM32\WINMM.dll
[1102/121313.962:ERROR:process_memory_win.cc(73)] ReadMemory at 0x7ffeb1150000 of 64 bytes failed: Only part of a ReadProcessMemory or WriteProcessMemory request was completed. (0x12B)
[1102/121313.962:WARNING:pe_image_reader.cc(340)] could not read dos header from C:\Windows\SYSTEM32\UIAutomationCore.DLL
[1102/121313.962:ERROR:process_memory_win.cc(73)] ReadMemory at 0x7ffec0120000 of 64 bytes failed: Only part of a ReadProcessMemory or WriteProcessMemory request was completed. (0x12B)
[1102/121313.962:WARNING:pe_image_reader.cc(340)] could not read dos header from C:\Windows\SYSTEM32\Secur32.dll
[1102/121313.962:ERROR:process_memory_win.cc(73)] ReadMemory at 0x7ffecfff0000 of 64 bytes failed: Only part of a ReadProcessMemory or WriteProcessMemory request was completed. (0x12B)
[1102/121313.962:WARNING:pe_image_reader.cc(340)] could not read dos header from C:\Windows\SYSTEM32\USERENV.dll
[1102/121313.962:ERROR:process_memory_win.cc(73)] ReadMemory at 0x7ffec0ec0000 of 64 bytes failed: Only part of a ReadProcessMemory or WriteProcessMemory request was completed. (0x12B)
[1102/121313.962:WARNING:pe_image_reader.cc(340)] could not read dos header from C:\Windows\SYSTEM32\DWrite.dll
[1102/121313.962:ERROR:process_memory_win.cc(73)] ReadMemory at 0x7ffeb2850000 of 64 bytes failed: Only part of a ReadProcessMemory or WriteProcessMemory request was completed. (0x12B)
[1102/121313.962:WARNING:pe_image_reader.cc(340)] could not read dos header from C:\Windows\SYSTEM32\WINSPOOL.DRV
[1102/121313.962:ERROR:process_memory_win.cc(73)] ReadMemory at 0x7ffecb150000 of 64 bytes failed: Only part of a ReadProcessMemory or WriteProcessMemory request was completed. (0x12B)
[1102/121313.962:WARNING:pe_image_reader.cc(340)] could not read dos header from C:\Windows\SYSTEM32\WINHTTP.dll
[1102/121313.962:ERROR:process_memory_win.cc(73)] ReadMemory at 0x7ffec7fb0000 of 64 bytes failed: Only part of a ReadProcessMemory or WriteProcessMemory request was completed. (0x12B)
[1102/121313.962:WARNING:pe_image_reader.cc(340)] could not read dos header from C:\Windows\SYSTEM32\dhcpcsvc.DLL
[1102/121313.962:ERROR:process_memory_win.cc(73)] ReadMemory at 0x7ffecd7c0000 of 64 bytes failed: Only part of a ReadProcessMemory or WriteProcessMemory request was completed. (0x12B)
[1102/121313.962:WARNING:pe_image_reader.cc(340)] could not read dos header from C:\Windows\SYSTEM32\PROPSYS.dll
[1102/121313.962:ERROR:process_memory_win.cc(73)] ReadMemory at 0x7ffecffb0000 of 64 bytes failed: Only part of a ReadProcessMemory or WriteProcessMemory request was completed. (0x12B)
[1102/121313.962:WARNING:pe_image_reader.cc(340)] could not read dos header from C:\Windows\SYSTEM32\SSPICLI.DLL
[1102/121313.962:ERROR:process_memory_win.cc(73)] ReadMemory at 0x7ffed18c0000 of 64 bytes failed: Only part of a ReadProcessMemory or WriteProcessMemory request was completed. (0x12B)
[1102/121313.962:WARNING:pe_image_reader.cc(340)] could not read dos header from C:\Windows\System32\MSASN1.dll
[1102/121313.962:ERROR:process_memory_win.cc(73)] ReadMemory at 0x7ffed1ba0000 of 64 bytes failed: Only part of a ReadProcessMemory or WriteProcessMemory request was completed. (0x12B)
[1102/121313.962:WARNING:pe_image_reader.cc(340)] could not read dos header from C:\Windows\System32\bcryptPrimitives.dll
[1102/121313.962:ERROR:process_memory_win.cc(73)] ReadMemory at 0x7ffed1460000 of 64 bytes failed: Only part of a ReadProcessMemory or WriteProcessMemory request was completed. (0x12B)
[1102/121313.963:WARNING:pe_image_reader.cc(340)] could not read dos header from C:\Windows\SYSTEM32\CRYPTBASE.DLL
[1102/121313.963:ERROR:process_memory_win.cc(73)] ReadMemory at 0x7ff697290000 of 64 bytes failed: Only part of a ReadProcessMemory or WriteProcessMemory request was completed. (0x12B)
[1102/121313.963:WARNING:pe_image_reader.cc(340)] could not read dos header from C:\Program Files (x86)\Google\Chrome\Application\chrome.exe
[1102/121313.963:ERROR:process_memory_win.cc(73)] ReadMemory at 0x7ffed4450000 of 64 bytes failed: Only part of a ReadProcessMemory or WriteProcessMemory request was completed. (0x12B)
[1102/121313.963:WARNING:pe_image_reader.cc(340)] could not read dos header from C:\Windows\SYSTEM32\ntdll.dll
[1102/121313.963:ERROR:process_memory_win.cc(73)] ReadMemory at 0x7ffed2bb0000 of 64 bytes failed: Only part of a ReadProcessMemory or WriteProcessMemory request was completed. (0x12B)
[1102/121313.963:WARNING:pe_image_reader.cc(340)] could not read dos header from C:\Windows\System32\KERNEL32.DLL
[1102/121313.963:ERROR:process_memory_win.cc(73)] ReadMemory at 0x7ffed1c70000 of 64 bytes failed: Only part of a ReadProcessMemory or WriteProcessMemory request was completed. (0x12B)
[1102/121313.963:WARNING:pe_image_reader.cc(340)] could not read dos header from C:\Windows\System32\KERNELBASE.dll
[1102/121313.963:ERROR:process_memory_win.cc(73)] ReadMemory at 0x7ffe8d110000 of 64 bytes failed: Only part of a ReadProcessMemory or WriteProcessMemory request was completed. (0x12B)
[1102/121313.963:WARNING:pe_image_reader.cc(340)] could not read dos header from C:\Program Files (x86)\Google\Chrome\Application\86.0.4240.111\chrome_elf.dll
[1102/121313.963:ERROR:process_memory_win.cc(73)] ReadMemory at 0x7ffec66c0000 of 64 bytes failed: Only part of a ReadProcessMemory or WriteProcessMemory request was completed. (0x12B)
[1102/121313.963:WARNING:pe_image_reader.cc(340)] could not read dos header from C:\Windows\SYSTEM32\VERSION.dll
[1102/121313.963:ERROR:process_memory_win.cc(73)] ReadMemory at 0x7ffed32f0000 of 64 bytes failed: Only part of a ReadProcessMemory or WriteProcessMemory request was completed. (0x12B)
[1102/121313.963:WARNING:pe_image_reader.cc(340)] could not read dos header from C:\Windows\System32\msvcrt.dll
[1102/121313.963:ERROR:process_memory_win.cc(73)] ReadMemory at 0x7ffed4030000 of 64 bytes failed: Only part of a ReadProcessMemory or WriteProcessMemory request was completed. (0x12B)
[1102/121313.963:WARNING:pe_image_reader.cc(340)] could not read dos header from C:\Windows\System32\ADVAPI32.dll
[1102/121313.963:ERROR:process_memory_win.cc(73)] ReadMemory at 0x7ffed37c0000 of 64 bytes failed: Only part of a ReadProcessMemory or WriteProcessMemory request was completed. (0x12B)
[1102/121313.963:WARNING:pe_image_reader.cc(340)] could not read dos header from C:\Windows\System32\sechost.dll
[1102/121313.963:ERROR:process_memory_win.cc(73)] ReadMemory at 0x7ffed2f30000 of 64 bytes failed: Only part of a ReadProcessMemory or WriteProcessMemory request was completed. (0x12B)
[1102/121313.963:WARNING:pe_image_reader.cc(340)] could not read dos header from C:\Windows\System32\RPCRT4.dll
[1102/121313.963:ERROR:process_memory_win.cc(73)] ReadMemory at 0x7ffe7f360000 of 64 bytes failed: Only part of a ReadProcessMemory or WriteProcessMemory request was completed. (0x12B)
[1102/121313.963:WARNING:pe_image_reader.cc(340)] could not read dos header from C:\Program Files (x86)\Google\Chrome\Application\86.0.4240.111\chrome.dll
[1102/121313.963:ERROR:process_memory_win.cc(73)] ReadMemory at 0x7ffed36f0000 of 64 bytes failed: Only part of a ReadProcessMemory or WriteProcessMemory request was completed. (0x12B)
[1102/121313.963:WARNING:pe_image_reader.cc(340)] could not read dos header from C:\Windows\System32\WS2_32.dll
[1102/121313.964:ERROR:process_memory_win.cc(73)] ReadMemory at 0x7ffed40e0000 of 64 bytes failed: Only part of a ReadProcessMemory or WriteProcessMemory request was completed. (0x12B)
[1102/121313.964:WARNING:pe_image_reader.cc(340)] could not read dos header from C:\Windows\System32\OLEAUT32.dll
[1102/121313.964:ERROR:process_memory_win.cc(73)] ReadMemory at 0x7ffed1ff0000 of 64 bytes failed: Only part of a ReadProcessMemory or WriteProcessMemory request was completed. (0x12B)
[1102/121313.964:WARNING:pe_image_reader.cc(340)] could not read dos header from C:\Windows\System32\msvcp_win.dll
[1102/121313.964:ERROR:process_memory_win.cc(73)] ReadMemory at 0x7ffed2090000 of 64 bytes failed: Only part of a ReadProcessMemory or WriteProcessMemory request was completed. (0x12B)
[1102/121313.964:WARNING:pe_image_reader.cc(340)] could not read dos header from C:\Windows\System32\ucrtbase.dll
[1102/121313.964:ERROR:process_memory_win.cc(73)] ReadMemory at 0x7ffed3390000 of 64 bytes failed: Only part of a ReadProcessMemory or WriteProcessMemory request was completed. (0x12B)
[1102/121313.964:WARNING:pe_image_reader.cc(340)] could not read dos header from C:\Windows\System32\combase.dll
[1102/121313.964:ERROR:process_memory_win.cc(73)] ReadMemory at 0x7ffed21c0000 of 64 bytes failed: Only part of a ReadProcessMemory or WriteProcessMemory request was completed. (0x12B)
[1102/121313.964:WARNING:pe_image_reader.cc(340)] could not read dos header from C:\Windows\System32\WINTRUST.dll
[1102/121313.964:ERROR:process_memory_win.cc(73)] ReadMemory at 0x7ffed2360000 of 64 bytes failed: Only part of a ReadProcessMemory or WriteProcessMemory request was completed. (0x12B)
[1102/121313.964:WARNING:pe_image_reader.cc(340)] could not read dos header from C:\Windows\System32\CRYPT32.dll
[1102/121313.964:ERROR:process_memory_win.cc(73)] ReadMemory at 0x7ffebf640000 of 64 bytes failed: Only part of a ReadProcessMemory or WriteProcessMemory request was completed. (0x12B)
[1102/121313.964:WARNING:pe_image_reader.cc(340)] could not read dos header from C:\Windows\SYSTEM32\dbghelp.dll
[1102/121313.964:ERROR:process_memory_win.cc(73)] ReadMemory at 0x7ffed0ff0000 of 64 bytes failed: Only part of a ReadProcessMemory or WriteProcessMemory request was completed. (0x12B)
[1102/121313.964:WARNING:pe_image_reader.cc(340)] could not read dos header from C:\Windows\SYSTEM32\IPHLPAPI.DLL
[1102/121313.964:ERROR:process_memory_win.cc(73)] ReadMemory at 0x7ffec3b40000 of 64 bytes failed: Only part of a ReadProcessMemory or WriteProcessMemory request was completed. (0x12B)
[1102/121313.964:WARNING:pe_image_reader.cc(340)] could not read dos header from C:\Windows\SYSTEM32\WINMM.dll
[1102/121313.964:ERROR:process_memory_win.cc(73)] ReadMemory at 0x7ffeb1150000 of 64 bytes failed: Only part of a ReadProcessMemory or WriteProcessMemory request was completed. (0x12B)
[1102/121313.964:WARNING:pe_image_reader.cc(340)] could not read dos header from C:\Windows\SYSTEM32\UIAutomationCore.DLL
[1102/121313.964:ERROR:process_memory_win.cc(73)] ReadMemory at 0x7ffec0120000 of 64 bytes failed: Only part of a ReadProcessMemory or WriteProcessMemory request was completed. (0x12B)
[1102/121313.964:WARNING:pe_image_reader.cc(340)] could not read dos header from C:\Windows\SYSTEM32\Secur32.dll
[1102/121313.964:ERROR:process_memory_win.cc(73)] ReadMemory at 0x7ffecfff0000 of 64 bytes failed: Only part of a ReadProcessMemory or WriteProcessMemory request was completed. (0x12B)
[1102/121313.964:WARNING:pe_image_reader.cc(340)] could not read dos header from C:\Windows\SYSTEM32\USERENV.dll
[1102/121313.964:ERROR:process_memory_win.cc(73)] ReadMemory at 0x7ffec0ec0000 of 64 bytes failed: Only part of a ReadProcessMemory or WriteProcessMemory request was completed. (0x12B)
[1102/121313.965:WARNING:pe_image_reader.cc(340)] could not read dos header from C:\Windows\SYSTEM32\DWrite.dll
[1102/121313.965:ERROR:process_memory_win.cc(73)] ReadMemory at 0x7ffeb2850000 of 64 bytes failed: Only part of a ReadProcessMemory or WriteProcessMemory request was completed. (0x12B)
[1102/121313.965:WARNING:pe_image_reader.cc(340)] could not read dos header from C:\Windows\SYSTEM32\WINSPOOL.DRV
[1102/121313.965:ERROR:process_memory_win.cc(73)] ReadMemory at 0x7ffecb150000 of 64 bytes failed: Only part of a ReadProcessMemory or WriteProcessMemory request was completed. (0x12B)
[1102/121313.965:WARNING:pe_image_reader.cc(340)] could not read dos header from C:\Windows\SYSTEM32\WINHTTP.dll
[1102/121313.965:ERROR:process_memory_win.cc(73)] ReadMemory at 0x7ffec7fb0000 of 64 bytes failed: Only part of a ReadProcessMemory or WriteProcessMemory request was completed. (0x12B)
[1102/121313.965:WARNING:pe_image_reader.cc(340)] could not read dos header from C:\Windows\SYSTEM32\dhcpcsvc.DLL
[1102/121313.965:ERROR:process_memory_win.cc(73)] ReadMemory at 0x7ffecd7c0000 of 64 bytes failed: Only part of a ReadProcessMemory or WriteProcessMemory request was completed. (0x12B)
[1102/121313.965:WARNING:pe_image_reader.cc(340)] could not read dos header from C:\Windows\SYSTEM32\PROPSYS.dll
[1102/121313.965:ERROR:process_memory_win.cc(73)] ReadMemory at 0x7ffecffb0000 of 64 bytes failed: Only part of a ReadProcessMemory or WriteProcessMemory request was completed. (0x12B)
[1102/121313.965:WARNING:pe_image_reader.cc(340)] could not read dos header from C:\Windows\SYSTEM32\SSPICLI.DLL
[1102/121313.965:ERROR:process_memory_win.cc(73)] ReadMemory at 0x7ffed18c0000 of 64 bytes failed: Only part of a ReadProcessMemory or WriteProcessMemory request was completed. (0x12B)
[1102/121313.965:WARNING:pe_image_reader.cc(340)] could not read dos header from C:\Windows\System32\MSASN1.dll
[1102/121313.965:ERROR:process_memory_win.cc(73)] ReadMemory at 0x7ffed1ba0000 of 64 bytes failed: Only part of a ReadProcessMemory or WriteProcessMemory request was completed. (0x12B)
[1102/121313.965:WARNING:pe_image_reader.cc(340)] could not read dos header from C:\Windows\System32\bcryptPrimitives.dll
[1102/121313.965:ERROR:process_memory_win.cc(73)] ReadMemory at 0x7ffed1460000 of 64 bytes failed: Only part of a ReadProcessMemory or WriteProcessMemory request was completed. (0x12B)
[1102/121313.965:WARNING:pe_image_reader.cc(340)] could not read dos header from C:\Windows\SYSTEM32\CRYPTBASE.DLL
[1102/121314.855:ERROR:process_memory_win.cc(73)] ReadMemory at 0xf7fadea000 of 90112 bytes failed: Only part of a ReadProcessMemory or WriteProcessMemory request was completed. (0x12B)
[1102/121314.855:ERROR:process_memory_win.cc(73)] ReadMemory at 0xf7fb5fe000 of 8192 bytes failed: Only part of a ReadProcessMemory or WriteProcessMemory request was completed. (0x12B)
[1102/121314.855:ERROR:process_memory_win.cc(73)] ReadMemory at 0xf7fc5fe000 of 8192 bytes failed: Only part of a ReadProcessMemory or WriteProcessMemory request was completed. (0x12B)
[1102/121314.856:ERROR:process_memory_win.cc(73)] ReadMemory at 0xf7fcdfd000 of 12288 bytes failed: Only part of a ReadProcessMemory or WriteProcessMemory request was completed. (0x12B)
[1102/121314.856:ERROR:process_memory_win.cc(73)] ReadMemory at 0xf7fddfe000 of 8192 bytes failed: Only part of a ReadProcessMemory or WriteProcessMemory request was completed. (0x12B)
[1102/121314.856:ERROR:process_memory_win.cc(73)] ReadMemory at 0xf7fe5fe000 of 8192 bytes failed: Only part of a ReadProcessMemory or WriteProcessMemory request was completed. (0x12B)
[1102/121314.856:ERROR:process_memory_win.cc(73)] ReadMemory at 0xf7fedfd000 of 12288 bytes failed: Only part of a ReadProcessMemory or WriteProcessMemory request was completed. (0x12B)
[1102/121314.856:ERROR:process_memory_win.cc(73)] ReadMemory at 0xf7ffdfe000 of 8192 bytes failed: Only part of a ReadProcessMemory or WriteProcessMemory request was completed. (0x12B)
[1102/121314.857:ERROR:process_memory_win.cc(73)] ReadMemory at 0xf7807fc000 of 16384 bytes failed: Only part of a ReadProcessMemory or WriteProcessMemory request was completed. (0x12B)
[1102/121314.857:ERROR:process_memory_win.cc(73)] ReadMemory at 0xf780ffc000 of 16384 bytes failed: Only part of a ReadProcessMemory or WriteProcessMemory request was completed. (0x12B)
[1102/121314.857:ERROR:process_memory_win.cc(73)] ReadMemory at 0xf7817fe000 of 8192 bytes failed: Only part of a ReadProcessMemory or WriteProcessMemory request was completed. (0x12B)
[1102/121314.857:ERROR:process_memory_win.cc(73)] ReadMemory at 0xf7837fe000 of 8192 bytes failed: Only part of a ReadProcessMemory or WriteProcessMemory request was completed. (0x12B)
[1102/121314.857:ERROR:process_memory_win.cc(73)] ReadMemory at 0xf7827fd000 of 12288 bytes failed: Only part of a ReadProcessMemory or WriteProcessMemory request was completed. (0x12B)
[1102/121314.858:ERROR:process_memory_win.cc(73)] ReadMemory at 0xf781fff000 of 4096 bytes failed: Only part of a ReadProcessMemory or WriteProcessMemory request was completed. (0x12B)
[1102/121314.858:ERROR:process_memory_win.cc(73)] ReadMemory at 0xf7fa482000 of 852 bytes failed: Only part of a ReadProcessMemory or WriteProcessMemory request was completed. (0x12B)
[1102/121314.876:ERROR:process_memory_win.cc(73)] ReadMemory at 0xf7fa483000 of 6024 bytes failed: Only part of a ReadProcessMemory or WriteProcessMemory request was completed. (0x12B)
[1102/121315.438:ERROR:process_memory_win.cc(73)] ReadMemory at 0xf7fa485000 of 6024 bytes failed: Only part of a ReadProcessMemory or WriteProcessMemory request was completed. (0x12B)
[1102/121315.529:ERROR:process_memory_win.cc(73)] ReadMemory at 0xf7fa489000 of 6024 bytes failed: Only part of a ReadProcessMemory or WriteProcessMemory request was completed. (0x12B)
[1102/121315.587:ERROR:process_memory_win.cc(73)] ReadMemory at 0xf7fa48d000 of 6024 bytes failed: Only part of a ReadProcessMemory or WriteProcessMemory request was completed. (0x12B)
[1102/121315.594:ERROR:process_memory_win.cc(73)] ReadMemory at 0xf7fa48f000 of 6024 bytes failed: Only part of a ReadProcessMemory or WriteProcessMemory request was completed. (0x12B)
[1102/121315.606:ERROR:process_memory_win.cc(73)] ReadMemory at 0xf7fa491000 of 6024 bytes failed: Only part of a ReadProcessMemory or WriteProcessMemory request was completed. (0x12B)
[1102/121315.606:ERROR:process_memory_win.cc(73)] ReadMemory at 0xf7fa493000 of 6024 bytes failed: Only part of a ReadProcessMemory or WriteProcessMemory request was completed. (0x12B)
[1102/121315.606:ERROR:process_memory_win.cc(73)] ReadMemory at 0xf7fa497000 of 6024 bytes failed: Only part of a ReadProcessMemory or WriteProcessMemory request was completed. (0x12B)
[1102/121315.607:ERROR:process_memory_win.cc(73)] ReadMemory at 0xf7fa499000 of 6024 bytes failed: Only part of a ReadProcessMemory or WriteProcessMemory request was completed. (0x12B)
[1102/121315.607:ERROR:process_memory_win.cc(73)] ReadMemory at 0xf7fa49b000 of 6024 bytes failed: Only part of a ReadProcessMemory or WriteProcessMemory request was completed. (0x12B)
[1102/121315.607:ERROR:process_memory_win.cc(73)] ReadMemory at 0xf7fa49d000 of 6024 bytes failed: Only part of a ReadProcessMemory or WriteProcessMemory request was completed. (0x12B)
[1102/121315.607:ERROR:process_memory_win.cc(73)] ReadMemory at 0xf7fa4a5000 of 6024 bytes failed: Only part of a ReadProcessMemory or WriteProcessMemory request was completed. (0x12B)
[1102/121315.608:ERROR:process_memory_win.cc(73)] ReadMemory at 0xf7fa527000 of 6024 bytes failed: Only part of a ReadProcessMemory or WriteProcessMemory request was completed. (0x12B)
[1102/121315.608:ERROR:process_memory_win.cc(73)] ReadMemory at 0xf7fa52d000 of 6024 bytes failed: Only part of a ReadProcessMemory or WriteProcessMemory request was completed. (0x12B)
[1102/121315.661:ERROR:process_memory_win.cc(73)] ReadMemory at 0x2a3e4fb2140 of 512 bytes failed: Only part of a ReadProcessMemory or WriteProcessMemory request was completed. (0x12B)
[1102/121315.662:ERROR:process_memory_win.cc(73)] ReadMemory at 0x2a3e4fb3640 of 512 bytes failed: Only part of a ReadProcessMemory or WriteProcessMemory request was completed. (0x12B)
[1102/121315.683:ERROR:process_memory_win.cc(73)] ReadMemory at 0x2a3e50c0fe0 of 18672 bytes failed: Only part of a ReadProcessMemory or WriteProcessMemory request was completed. (0x12B)
[1102/121315.684:ERROR:process_memory_win.cc(73)] ReadMemory at 0x2a3e50c58e0 of 1012 bytes failed: Only part of a ReadProcessMemory or WriteProcessMemory request was completed. (0x12B)
[1102/121315.684:ERROR:process_memory_win.cc(73)] ReadMemory at 0x2a3e50c5f28 of 118 bytes failed: Only part of a ReadProcessMemory or WriteProcessMemory request was completed. (0x12B)
[1102/121315.684:ERROR:process_memory_win.cc(73)] ReadMemory at 0x2a3e50c5fa0 of 710 bytes failed: Only part of a ReadProcessMemory or WriteProcessMemory request was completed. (0x12B)
[1102/121315.684:ERROR:process_memory_win.cc(73)] ReadMemory at 0x2a3e50c6268 of 118 bytes failed: Only part of a ReadProcessMemory or WriteProcessMemory request was completed. (0x12B)
[1102/121315.684:ERROR:process_memory_win.cc(73)] ReadMemory at 0x2a3e50c62e0 of 96 bytes failed: Only part of a ReadProcessMemory or WriteProcessMemory request was completed. (0x12B)
[1102/121315.684:ERROR:process_memory_win.cc(73)] ReadMemory at 0x2a3e50c6350 of 58 bytes failed: Only part of a ReadProcessMemory or WriteProcessMemory request was completed. (0x12B)
[1102/121315.684:ERROR:process_memory_win.cc(73)] ReadMemory at 0x2a3e50c6450 of 132 bytes failed: Only part of a ReadProcessMemory or WriteProcessMemory request was completed. (0x12B)
[1102/121315.685:ERROR:process_memory_win.cc(73)] ReadMemory at 0x2a3e50c65e0 of 132 bytes failed: Only part of a ReadProcessMemory or WriteProcessMemory request was completed. (0x12B)
[1102/121315.685:ERROR:process_memory_win.cc(73)] ReadMemory at 0x2a3e50c67a0 of 126 bytes failed: Only part of a ReadProcessMemory or WriteProcessMemory request was completed. (0x12B)
[1102/121315.685:ERROR:process_memory_win.cc(73)] ReadMemory at 0x2a3e50c6ca0 of 132 bytes failed: Only part of a ReadProcessMemory or WriteProcessMemory request was completed. (0x12B)
[1102/121315.685:ERROR:process_memory_win.cc(73)] ReadMemory at 0x2a3e50c6e30 of 64 bytes failed: Only part of a ReadProcessMemory or WriteProcessMemory request was completed. (0x12B)
[1102/121315.685:ERROR:process_memory_win.cc(73)] ReadMemory at 0x2a3e50c6ff0 of 132 bytes failed: Only part of a ReadProcessMemory or WriteProcessMemory request was completed. (0x12B)
[1102/121315.685:ERROR:process_memory_win.cc(73)] ReadMemory at 0x2a3e50c72b0 of 132 bytes failed: Only part of a ReadProcessMemory or WriteProcessMemory request was completed. (0x12B)
[1102/121315.685:ERROR:process_memory_win.cc(73)] ReadMemory at 0x2a3e50c7440 of 68 bytes failed: Only part of a ReadProcessMemory or WriteProcessMemory request was completed. (0x12B)
[1102/121315.685:ERROR:process_memory_win.cc(73)] ReadMemory at 0x2a3e50c84f0 of 132 bytes failed: Only part of a ReadProcessMemory or WriteProcessMemory request was completed. (0x12B)
[1102/121315.685:ERROR:process_memory_win.cc(73)] ReadMemory at 0x2a3e50c8620 of 154 bytes failed: Only part of a ReadProcessMemory or WriteProcessMemory request was completed. (0x12B)
[1102/121315.707:ERROR:process_memory_win.cc(73)] ReadMemory at 0x2a3e50c93a0 of 62 bytes failed: Only part of a ReadProcessMemory or WriteProcessMemory request was completed. (0x12B)
[1102/121315.707:ERROR:process_memory_win.cc(73)] ReadMemory at 0x2a3e50c94d0 of 132 bytes failed: Only part of a ReadProcessMemory or WriteProcessMemory request was completed. (0x12B)
[1102/121315.707:ERROR:process_memory_win.cc(73)] ReadMemory at 0x2a3e50c9660 of 60 bytes failed: Only part of a ReadProcessMemory or WriteProcessMemory request was completed. (0x12B)
[1102/121315.707:ERROR:process_memory_win.cc(73)] ReadMemory at 0x2a3e50d8ae0 of 60 bytes failed: Only part of a ReadProcessMemory or WriteProcessMemory request was completed. (0x12B)
[1102/121315.717:ERROR:process_memory_win.cc(73)] ReadMemory at 0x2a3e50d8b30 of 64 bytes failed: Only part of a ReadProcessMemory or WriteProcessMemory request was completed. (0x12B)
[1102/121315.717:ERROR:process_memory_win.cc(73)] ReadMemory at 0x2a3e50d8c20 of 66 bytes failed: Only part of a ReadProcessMemory or WriteProcessMemory request was completed. (0x12B)
[1102/121315.717:ERROR:process_memory_win.cc(73)] ReadMemory at 0x2a3e50d8c70 of 64 bytes failed: Only part of a ReadProcessMemory or WriteProcessMemory request was completed. (0x12B)
[1102/121315.717:ERROR:process_memory_win.cc(73)] ReadMemory at 0x2a3e50d8cc0 of 62 bytes failed: Only part of a ReadProcessMemory or WriteProcessMemory request was completed. (0x12B)
[1102/121315.717:ERROR:process_memory_win.cc(73)] ReadMemory at 0x2a3e50d8d10 of 64 bytes failed: Only part of a ReadProcessMemory or WriteProcessMemory request was completed. (0x12B)
[1102/121315.717:ERROR:process_memory_win.cc(73)] ReadMemory at 0x2a3e50d8db0 of 62 bytes failed: Only part of a ReadProcessMemory or WriteProcessMemory request was completed. (0x12B)
[1102/121315.717:ERROR:process_memory_win.cc(73)] ReadMemory at 0x2a3e50d8e50 of 62 bytes failed: Only part of a ReadProcessMemory or WriteProcessMemory request was completed. (0x12B)
[1102/121315.717:ERROR:process_memory_win.cc(73)] ReadMemory at 0x2a3e50d9300 of 64 bytes failed: Only part of a ReadProcessMemory or WriteProcessMemory request was completed. (0x12B)
[1102/121315.718:ERROR:process_memory_win.cc(73)] ReadMemory at 0x2a3e50d9350 of 62 bytes failed: Only part of a ReadProcessMemory or WriteProcessMemory request was completed. (0x12B)
[1102/121315.771:ERROR:process_memory_win.cc(73)] ReadMemory at 0x2a3e50d93a0 of 60 bytes failed: Only part of a ReadProcessMemory or WriteProcessMemory request was completed. (0x12B)
[1102/121315.771:ERROR:process_memory_win.cc(73)] ReadMemory at 0x2a3e50dccb0 of 132 bytes failed: Only part of a ReadProcessMemory or WriteProcessMemory request was completed. (0x12B)
[1102/121315.832:ERROR:process_memory_win.cc(73)] ReadMemory at 0x2a3e50dd100 of 132 bytes failed: Only part of a ReadProcessMemory or WriteProcessMemory request was completed. (0x12B)
[1102/121315.832:ERROR:process_memory_win.cc(73)] ReadMemory at 0x2a3e50dd370 of 132 bytes failed: Only part of a ReadProcessMemory or WriteProcessMemory request was completed. (0x12B)
[1102/121315.833:ERROR:process_memory_win.cc(73)] ReadMemory at 0x2a3e50dd4a0 of 132 bytes failed: Only part of a ReadProcessMemory or WriteProcessMemory request was completed. (0x12B)
[1102/121315.858:ERROR:process_memory_win.cc(73)] ReadMemory at 0x2a3e50dd5d0 of 132 bytes failed: Only part of a ReadProcessMemory or WriteProcessMemory request was completed. (0x12B)
[1102/121315.890:ERROR:process_memory_win.cc(73)] ReadMemory at 0x2a3e50dd700 of 132 bytes failed: Only part of a ReadProcessMemory or WriteProcessMemory request was completed. (0x12B)
[1102/121315.934:ERROR:process_memory_win.cc(73)] ReadMemory at 0x2a3e50dd830 of 132 bytes failed: Only part of a ReadProcessMemory or WriteProcessMemory request was completed. (0x12B)
[1102/121315.935:ERROR:process_memory_win.cc(73)] ReadMemory at 0x2a3e50dd960 of 132 bytes failed: Only part of a ReadProcessMemory or WriteProcessMemory request was completed. (0x12B)
[1102/121315.935:ERROR:process_memory_win.cc(73)] ReadMemory at 0x2a3e50dda90 of 132 bytes failed: Only part of a ReadProcessMemory or WriteProcessMemory request was completed. (0x12B)
[1102/121315.935:ERROR:process_memory_win.cc(73)] ReadMemory at 0x2a3e50ddbc0 of 132 bytes failed: Only part of a ReadProcessMemory or WriteProcessMemory request was completed. (0x12B)
[1102/121315.935:ERROR:process_memory_win.cc(73)] ReadMemory at 0x2a3e50ddcf0 of 132 bytes failed: Only part of a ReadProcessMemory or WriteProcessMemory request was completed. (0x12B)
[1102/121315.935:ERROR:process_memory_win.cc(73)] ReadMemory at 0x2a3e50dde20 of 132 bytes failed: Only part of a ReadProcessMemory or WriteProcessMemory request was completed. (0x12B)
[1102/121315.935:ERROR:process_memory_win.cc(73)] ReadMemory at 0x2a3e50ddf50 of 132 bytes failed: Only part of a ReadProcessMemory or WriteProcessMemory request was completed. (0x12B)
[1102/121315.936:ERROR:process_memory_win.cc(73)] ReadMemory at 0x2a3e50de080 of 132 bytes failed: Only part of a ReadProcessMemory or WriteProcessMemory request was completed. (0x12B)
[1102/121315.936:ERROR:process_memory_win.cc(73)] ReadMemory at 0x2a3e50de1b0 of 132 bytes failed: Only part of a ReadProcessMemory or WriteProcessMemory request was completed. (0x12B)
[1102/121315.936:ERROR:process_memory_win.cc(73)] ReadMemory at 0x2a3e50de960 of 80 bytes failed: Only part of a ReadProcessMemory or WriteProcessMemory request was completed. (0x12B)
[1102/121315.936:ERROR:process_memory_win.cc(73)] ReadMemory at 0x2a3e50df680 of 80 bytes failed: Only part of a ReadProcessMemory or WriteProcessMemory request was completed. (0x12B)
[1102/121315.936:ERROR:process_memory_win.cc(73)] ReadMemory at 0x2a3e50e3c80 of 132 bytes failed: Only part of a ReadProcessMemory or WriteProcessMemory request was completed. (0x12B)
[1102/121315.936:ERROR:process_memory_win.cc(73)] ReadMemory at 0x2a3e50e6770 of 132 bytes failed: Only part of a ReadProcessMemory or WriteProcessMemory request was completed. (0x12B)
[1102/121315.937:ERROR:process_memory_win.cc(73)] ReadMemory at 0x2a3e50e68a0 of 132 bytes failed: Only part of a ReadProcessMemory or WriteProcessMemory request was completed. (0x12B)
[1102/121315.937:ERROR:process_memory_win.cc(73)] ReadMemory at 0x2a3e50e6d60 of 132 bytes failed: Only part of a ReadProcessMemory or WriteProcessMemory request was completed. (0x12B)
[1102/121315.937:ERROR:process_memory_win.cc(73)] ReadMemory at 0x2a3e50e8530 of 132 bytes failed: Only part of a ReadProcessMemory or WriteProcessMemory request was completed. (0x12B)
[1102/121315.937:ERROR:process_memory_win.cc(73)] ReadMemory at 0x2a3e50e8750 of 132 bytes failed: Only part of a ReadProcessMemory or WriteProcessMemory request was completed. (0x12B)
[1102/121315.937:ERROR:process_memory_win.cc(73)] ReadMemory at 0x2a3e50eb400 of 146 bytes failed: Only part of a ReadProcessMemory or WriteProcessMemory request was completed. (0x12B)
[1102/121315.938:ERROR:process_memory_win.cc(73)] ReadMemory at 0x2a3e50edaa0 of 132 bytes failed: Only part of a ReadProcessMemory or WriteProcessMemory request was completed. (0x12B)
[1102/121315.938:ERROR:process_memory_win.cc(73)] ReadMemory at 0x2a3e50ef410 of 64 bytes failed: Only part of a ReadProcessMemory or WriteProcessMemory request was completed. (0x12B)
[1102/121315.938:ERROR:process_memory_win.cc(73)] ReadMemory at 0x2a3e50ef550 of 62 bytes failed: Only part of a ReadProcessMemory or WriteProcessMemory request was completed. (0x12B)
[1102/121315.939:ERROR:process_memory_win.cc(73)] ReadMemory at 0x2a3e50ef640 of 64 bytes failed: Only part of a ReadProcessMemory or WriteProcessMemory request was completed. (0x12B)
[1102/121315.982:ERROR:process_memory_win.cc(73)] ReadMemory at 0x2a3e50ef870 of 58 bytes failed: Only part of a ReadProcessMemory or WriteProcessMemory request was completed. (0x12B)
[1102/121315.982:ERROR:process_memory_win.cc(73)] ReadMemory at 0x2a3e50ef8c0 of 62 bytes failed: Only part of a ReadProcessMemory or WriteProcessMemory request was completed. (0x12B)
[1102/121315.982:ERROR:process_memory_win.cc(73)] ReadMemory at 0x2a3e50ef910 of 62 bytes failed: Only part of a ReadProcessMemory or WriteProcessMemory request was completed. (0x12B)
[1102/121315.982:ERROR:process_memory_win.cc(73)] ReadMemory at 0x2a3e50ef960 of 62 bytes failed: Only part of a ReadProcessMemory or WriteProcessMemory request was completed. (0x12B)
[1102/121315.982:ERROR:process_memory_win.cc(73)] ReadMemory at 0x2a3e50efa00 of 64 bytes failed: Only part of a ReadProcessMemory or WriteProcessMemory request was completed. (0x12B)
[1102/121315.983:ERROR:process_memory_win.cc(73)] ReadMemory at 0x2a3e50efaf0 of 62 bytes failed: Only part of a ReadProcessMemory or WriteProcessMemory request was completed. (0x12B)
[1102/121315.983:ERROR:process_memory_win.cc(73)] ReadMemory at 0x2a3e50efd70 of 60 bytes failed: Only part of a ReadProcessMemory or WriteProcessMemory request was completed. (0x12B)
[1102/121315.983:ERROR:process_memory_win.cc(73)] ReadMemory at 0x2a3e50f0100 of 132 bytes failed: Only part of a ReadProcessMemory or WriteProcessMemory request was completed. (0x12B)
[1102/121315.983:ERROR:process_memory_win.cc(73)] ReadMemory at 0x2a3e50f12d0 of 132 bytes failed: Only part of a ReadProcessMemory or WriteProcessMemory request was completed. (0x12B)
[1102/121315.983:ERROR:process_memory_win.cc(73)] ReadMemory at 0x2a3e50f18c0 of 132 bytes failed: Only part of a ReadProcessMemory or WriteProcessMemory request was completed. (0x12B)
[1102/121315.983:ERROR:process_memory_win.cc(73)] ReadMemory at 0x2a3e51046e0 of 60 bytes failed: Only part of a ReadProcessMemory or WriteProcessMemory request was completed. (0x12B)
[1102/121315.983:ERROR:process_memory_win.cc(73)] ReadMemory at 0x2a3e5126b80 of 512 bytes failed: Only part of a ReadProcessMemory or WriteProcessMemory request was completed. (0x12B)
[1102/121315.983:ERROR:process_memory_win.cc(73)] ReadMemory at 0x2a3e513c5d0 of 512 bytes failed: Only part of a ReadProcessMemory or WriteProcessMemory request was completed. (0x12B)
[1102/121315.984:ERROR:process_memory_win.cc(73)] ReadMemory at 0x2a3e5148fe0 of 512 bytes failed: Only part of a ReadProcessMemory or WriteProcessMemory request was completed. (0x12B)
[1102/121315.984:ERROR:process_memory_win.cc(73)] ReadMemory at 0x2a3e515bc60 of 512 bytes failed: Only part of a ReadProcessMemory or WriteProcessMemory request was completed. (0x12B)
[1102/121316.012:ERROR:process_memory_win.cc(73)] ReadMemory at 0x2a3e5166030 of 712 bytes failed: Only part of a ReadProcessMemory or WriteProcessMemory request was completed. (0x12B)
[1102/121316.012:ERROR:process_memory_win.cc(73)] ReadMemory at 0x2a3e5170340 of 512 bytes failed: Only part of a ReadProcessMemory or WriteProcessMemory request was completed. (0x12B)
[1102/121316.012:ERROR:process_memory_win.cc(73)] ReadMemory at 0x2a3e517fad0 of 512 bytes failed: Only part of a ReadProcessMemory or WriteProcessMemory request was completed. (0x12B)
[1102/121316.012:ERROR:process_memory_win.cc(73)] ReadMemory at 0x2a3e69a85d0 of 512 bytes failed: Only part of a ReadProcessMemory or WriteProcessMemory request was completed. (0x12B)
[1102/121316.012:ERROR:process_memory_win.cc(73)] ReadMemory at 0x2a3e69cab20 of 512 bytes failed: Only part of a ReadProcessMemory or WriteProcessMemory request was completed. (0x12B)
[1102/121316.012:ERROR:process_memory_win.cc(73)] ReadMemory at 0x2a3e6a35678 of 512 bytes failed: Only part of a ReadProcessMemory or WriteProcessMemory request was completed. (0x12B)
[1102/121316.013:ERROR:process_memory_win.cc(73)] ReadMemory at 0x2a3ec030fa0 of 512 bytes failed: Only part of a ReadProcessMemory or WriteProcessMemory request was completed. (0x12B)
[1102/121316.013:ERROR:process_memory_win.cc(73)] ReadMemory at 0x2a3f2c9a820 of 512 bytes failed: Only part of a ReadProcessMemory or WriteProcessMemory request was completed. (0x12B)
[1102/121316.013:ERROR:process_memory_win.cc(73)] ReadMemory at 0x2a3f3745ff0 of 512 bytes failed: Only part of a ReadProcessMemory or WriteProcessMemory request was completed. (0x12B)
[1102/121316.013:ERROR:process_memory_win.cc(73)] ReadMemory at 0x2a3f37462f0 of 880 bytes failed: Only part of a ReadProcessMemory or WriteProcessMemory request was completed. (0x12B)
[1102/121316.013:ERROR:process_memory_win.cc(73)] ReadMemory at 0x7ffe816f14f7 of 512 bytes failed: Only part of a ReadProcessMemory or WriteProcessMemory request was completed. (0x12B)
[1102/121316.013:ERROR:process_memory_win.cc(73)] ReadMemory at 0x7ffe86f86110 of 512 bytes failed: Only part of a ReadProcessMemory or WriteProcessMemory request was completed. (0x12B)
[1102/121316.014:ERROR:process_memory_win.cc(73)] ReadMemory at 0x7ffe8d145810 of 512 bytes failed: Only part of a ReadProcessMemory or WriteProcessMemory request was completed. (0x12B)
[1102/121316.014:ERROR:process_memory_win.cc(73)] ReadMemory at 0x7ffe8d145ed7 of 512 bytes failed: Only part of a ReadProcessMemory or WriteProcessMemory request was completed. (0x12B)
[1102/121316.014:ERROR:process_memory_win.cc(73)] ReadMemory at 0x7ffed2bd4a50 of 512 bytes failed: Only part of a ReadProcessMemory or WriteProcessMemory request was completed. (0x12B)
[1102/121316.014:ERROR:process_memory_win.cc(73)] ReadMemory at 0x7ffed44ebd94 of 672 bytes failed: Only part of a ReadProcessMemory or WriteProcessMemory request was completed. (0x12B)
[1102/121316.014:ERROR:process_memory_win.cc(73)] ReadMemory at 0x7ffed44ef704 of 608 bytes failed: Only part of a ReadProcessMemory or WriteProcessMemory request was completed. (0x12B)
[1102/121316.014:ERROR:process_memory_win.cc(73)] ReadMemory at 0x7ffed45809f0 of 18 bytes failed: Only part of a ReadProcessMemory or WriteProcessMemory request was completed. (0x12B)
[1102/121316.038:ERROR:process_memory_win.cc(73)] ReadMemory at 0x7ffed45b54f8 of 40 bytes failed: Only part of a ReadProcessMemory or WriteProcessMemory request was completed. (0x12B)
[1102/121316.039:ERROR:process_memory_win.cc(73)] ReadMemory at 0x7ffed45b5978 of 48 bytes failed: Only part of a ReadProcessMemory or WriteProcessMemory request was completed. (0x12B)
[1102/121316.039:ERROR:process_memory_win.cc(73)] ReadMemory at 0x7ffed45bb4c0 of 64 bytes failed: Only part of a ReadProcessMemory or WriteProcessMemory request was completed. (0x12B)
[1102/121316.056:ERROR:scoped_process_suspend.cc(40)] NtResumeProcess: An attempt was made to access an exiting process. (0xc000010a)
[1102/132339.683:ERROR:directory_reader_win.cc(43)] FindFirstFile: The system cannot find the path specified. (0x3)
[1102/203627.882:ERROR:directory_reader_win.cc(43)] FindFirstFile: The system cannot find the path specified. (0x3)
[1103/113102.031:ERROR:directory_reader_win.cc(43)] FindFirstFile: The system cannot find the path specified. (0x3)
[1104/093251.683:ERROR:directory_reader_win.cc(43)] FindFirstFile: The system cannot find the path specified. (0x3)
[1104/104936.100:ERROR:directory_reader_win.cc(43)] FindFirstFile: The system cannot find the path specified. (0x3)
[1104/210028.080:ERROR:process_reader_win.cc(123)] NtOpenThread: {Access Denied} A process has requested access to an object, but has not been granted those access rights. (0xc0000022)
[1104/210028.327:ERROR:exception_snapshot_win.cc(99)] thread ID 10880 not found in process
[1105/163804.009:ERROR:directory_reader_win.cc(43)] FindFirstFile: The system cannot find the path specified. (0x3)
[1105/194136.445:ERROR:process_reader_win.cc(123)] NtOpenThread: {Access Denied} A process has requested access to an object, but has not been granted those access rights. (0xc0000022)
[1105/194136.644:ERROR:process_reader_win.cc(123)] NtOpenThread: {Access Denied} A process has requested access to an object, but has not been granted those access rights. (0xc0000022)
[1105/194136.445:ERROR:process_reader_win.cc(123)] NtOpenThread: {Access Denied} A process has requested access to an object, but has not been granted those access rights. (0xc0000022)
[1105/194136.666:ERROR:process_reader_win.cc(123)] NtOpenThread: {Access Denied} A process has requested access to an object, but has not been granted those access rights. (0xc0000022)
[1105/194136.722:ERROR:exception_snapshot_win.cc(99)] thread ID 2560 not found in process
[1105/194136.722:ERROR:exception_snapshot_win.cc(99)] thread ID 9872 not found in process
[1105/194136.722:ERROR:exception_snapshot_win.cc(99)] thread ID 7340 not found in process
[1105/194136.722:ERROR:exception_snapshot_win.cc(99)] thread ID 4356 not found in process
[1105/194136.688:ERROR:process_reader_win.cc(123)] NtOpenThread: {Access Denied} A process has requested access to an object, but has not been granted those access rights. (0xc0000022)
[1105/194136.745:ERROR:exception_snapshot_win.cc(99)] thread ID 10124 not found in process
[1107/165704.628:ERROR:directory_reader_win.cc(43)] FindFirstFile: The system cannot find the path specified. (0x3)
